2019-02-21T21:49:08.195Z HTTP GET /
2019-02-21T21:49:08.237Z HTTP GET /robots.txt?1550785748216
2019-02-21T21:49:08.331Z HTTP GET /favicon.ico
2019-02-21T21:49:14.739Z HTTP GET /singup
2019-02-21T21:49:14.762Z HTTP GET /robots.txt?1550785754752
2019-02-21T21:49:22.195Z HTTP GET /asdsingup
2019-02-21T21:49:22.217Z HTTP GET /robots.txt?1550785762207
2019-02-21T21:49:34.147Z HTTP GET /robots.txt?1550785774133
2019-02-21T21:49:43.691Z HTTP GET /singip
2019-02-21T21:49:43.720Z HTTP GET /robots.txt?1550785783703
2019-02-21T21:49:55.522Z HTTP GET /auth
2019-02-21T21:49:55.555Z HTTP GET /robots.txt?1550785795534
2019-02-21T21:50:03.339Z HTTP GET /auth/singup
2019-02-21T21:50:03.364Z HTTP GET /robots.txt?1550785803353
2019-02-21T21:50:13.475Z HTTP GET /signin
2019-02-21T21:50:13.503Z HTTP GET /robots.txt?1550785813487
2019-02-21T21:50:21.830Z HTTP GET /robots.txt?1550785821812
2019-02-21T21:50:29.554Z HTTP GET /upload
2019-02-21T21:50:29.582Z HTTP GET /robots.txt?1550785829566
2019-02-21T21:51:28.369Z HTTP GET /signin
2019-02-21T21:51:28.402Z HTTP GET /robots.txt?1550785888382
2019-02-21T21:51:48.877Z HTTP GET /signup
2019-02-21T21:51:48.901Z HTTP GET /robots.txt?1550785908890
